number,value,state,params_class_weight_benign,params_classifier_dropout,params_entropy_lambda,params_learning_rate,params_patch_proj_dropout,params_weight_decay,user_attrs_best_avg_val_loss,user_attrs_best_epoch,user_attrs_best_epoch_fold_val_accs,user_attrs_best_epoch_fold_val_losses,user_attrs_per_fold_best_val_loss,user_attrs_pruned_epoch
52,0.3103804590754903,COMPLETE,2.1404309693076686,0.40472572799256346,0.0008791578583680211,4.832159757878871e-05,0.28944227111173715,0.001199645725271258,0.3103804590754903,8.0,"[0.8333333333333334, 0.9444444444444444, 0.9473684210526315, 0.7894736842105263, 0.8947368421052632]","[0.42650082679776663, 0.1694503490102256, 0.18924761106839133, 0.4950262882033904, 0.2716772202976771]","[0.29164834306478343, 0.1694503490102256, 0.18902307896848325, 0.3602216078556682, 0.213645174560952]",
53,0.30545676035779157,COMPLETE,2.0545187761652213,0.2795086304970376,0.00025372805491084176,3.5101998132312e-05,0.40091538519450015,0.00045538394948196697,0.30545676035779157,9.0,"[0.8888888888888888, 0.8888888888888888, 0.8421052631578947, 0.8421052631578947, 0.8947368421052632]","[0.27259209359484277, 0.1695981712333984, 0.2426231457511676, 0.5762952782634353, 0.2661751129461137]","[0.27259209359484277, 0.1093327134129625, 0.15062970072578633, 0.34801789592510385, 0.2179484478210246]",
54,0.3053504536799526,COMPLETE,2.2236488871003703,0.2443242516015124,0.00039405024058454123,4.1033685315616835e-05,0.3220124413768144,0.00014057160631541178,0.3053504536799526,5.0,"[0.8333333333333334, 0.9444444444444444, 0.8421052631578947, 0.8421052631578947, 0.9473684210526315]","[0.35739197562684744, 0.20793747816060204, 0.23846187873890526, 0.4648790894073165, 0.2580818464660919]","[0.21624600343440964, 0.19571009019268082, 0.20642898128196402, 0.3605795239931659, 0.17490137992081145]",
55,0.35097974758253425,PRUNED,2.083379826659389,0.37398378786307385,0.0006462808008860036,3.156442988038145e-05,0.35094567824467227,3.413118462643451e-05,,,,,,7.0
56,0.24845142907667933,COMPLETE,2.0018564496053077,0.1788085419058664,0.00011182556142879211,6.119974778535319e-05,0.5285814032700058,0.0002834136550429495,0.24845142907667933,4.0,"[0.8888888888888888, 0.9444444444444444, 0.8421052631578947, 0.8947368421052632, 0.9473684210526315]","[0.2295774873669466, 0.19309598521148372, 0.23491596736283482, 0.33378097675679447, 0.25088672868533696]","[0.08509057528086335, 0.16058421967698816, 0.23067120392308402, 0.31847189854995933, 0.2095315831661298]",
57,0.43783967753775216,PRUNED,3.7399766469981763,0.20483743852874559,0.00016120967389417933,0.0004030443067484291,0.4985679749412488,9.041783743747632e-06,,,,,,7.0
58,0.46993221408255187,PRUNED,2.16228194500169,0.24056034379991148,6.069345279803617e-05,0.0001066076998740876,0.4710689134473122,3.3264413677274673e-06,,,,,,7.0
59,0.3197302494755433,COMPLETE,2.2962618346168555,0.42814121223764484,0.00026883108818832803,6.431699118524884e-05,0.2526830645449608,5.555208830495633e-06,0.3197302494755433,7.0,"[0.7777777777777778, 0.8333333333333334, 0.9473684210526315, 0.8421052631578947, 0.9473684210526315]","[0.43223814435254504, 0.3547083727694498, 0.1845418995638427, 0.4628781256928242, 0.16428470499905465]","[0.38730158398296527, 0.23476160081433287, 0.17441549943913215, 0.39736910009952753, 0.16097274804993553]",
60,0.29429208055395856,COMPLETE,2.3856265331184376,0.2860896410886081,0.0013027520910320947,8.273057419330255e-05,0.3101601887427273,2.0914622724601898e-06,0.29429208055395856,6.0,"[0.8333333333333334, 0.9444444444444444, 0.9473684210526315, 0.8947368421052632, 0.8947368421052632]","[0.3774192256331743, 0.2167273191836393, 0.1841079575967318, 0.5266222302745555, 0.16658367008169175]","[0.24208695597220892, 0.2047613615852918, 0.1740253250784343, 0.28202328088879147, 0.16658367008169175]",
61,0.3193017227349915,COMPLETE,2.089373251666895,0.408671063536259,5.267267911935273e-05,4.1231230908212085e-05,0.5011141380941195,3.99550698958999e-05,0.3193017227349915,8.0,"[0.7777777777777778, 0.8888888888888888, 0.7894736842105263, 0.8947368421052632, 0.9473684210526315]","[0.48081016791103237, 0.21426899051028966, 0.2682610802062539, 0.38766871356251376, 0.24549966148486801]","[0.31516499529809355, 0.18261333471044358, 0.24037067734159218, 0.36027154619315344, 0.24549966148486801]",
62,0.2488812496869733,COMPLETE,2.2471513417615077,0.40024682866020367,3.357349172261779e-05,3.0026460927991308e-05,0.516063137097581,1.231125709974553e-06,0.2488812496869733,10.0,"[0.8333333333333334, 0.9444444444444444, 0.9473684210526315, 0.8947368421052632, 0.8947368421052632]","[0.25720646645479267, 0.13031970999276787, 0.17807944975395099, 0.40884029840143693, 0.26996032383191815]","[0.25720646645479267, 0.0715985658720335, 0.17126565233980418, 0.3439868531055062, 0.2580776886388776]",
63,0.3020544143570413,COMPLETE,2.15525776648779,0.3800776017476255,4.202316004636259e-05,5.5593047250590106e-05,0.532660305506266,2.5802795841359313e-05,0.3020544143570413,7.0,"[0.8333333333333334, 0.9444444444444444, 0.8421052631578947, 0.8947368421052632, 0.8421052631578947]","[0.35690879262660424, 0.14996857932009297, 0.3434309087073009, 0.43377555531687423, 0.2261882358143339]","[0.3025896077451762, 0.13157377100003645, 0.16682109317571267, 0.31309825460132407, 0.2261882358143339]",
